0 info it worked if it ends with ok
1 verbose cli [ '/usr/bin/node', '/usr/bin/npm', 'i', '-S', 'lodash', 'chal' ]
2 info using npm@1.4.28
3 info using node@v0.10.35
4 verbose node symlink /usr/bin/node
5 warn package.json err-tree@1.0.0-beta.1 No README data
6 warn package.json i18next.yaml@1.6.0 No repository field.
7 verbose readDependencies using package.json deps
8 verbose cache add [ 'lodash', null ]
9 verbose cache add name=undefined spec="lodash" args=["lodash",null]
10 verbose parsed url { protocol: null,
10 verbose parsed url   slashes: null,
10 verbose parsed url   auth: null,
10 verbose parsed url   host: null,
10 verbose parsed url   port: null,
10 verbose parsed url   hostname: null,
10 verbose parsed url   hash: null,
10 verbose parsed url   search: null,
10 verbose parsed url   query: null,
10 verbose parsed url   pathname: 'lodash',
10 verbose parsed url   path: 'lodash',
10 verbose parsed url   href: 'lodash' }
11 verbose cache add [ 'chal', null ]
12 verbose cache add name=undefined spec="chal" args=["chal",null]
13 verbose parsed url { protocol: null,
13 verbose parsed url   slashes: null,
13 verbose parsed url   auth: null,
13 verbose parsed url   host: null,
13 verbose parsed url   port: null,
13 verbose parsed url   hostname: null,
13 verbose parsed url   hash: null,
13 verbose parsed url   search: null,
13 verbose parsed url   query: null,
13 verbose parsed url   pathname: 'chal',
13 verbose parsed url   path: 'chal',
13 verbose parsed url   href: 'chal' }
14 silly lockFile 901466a5-lodash lodash
15 verbose lock lodash /media/data/Documents/quentin/.npm/901466a5-lodash.lock
16 silly lockFile d1e14367-chal chal
17 verbose lock chal /media/data/Documents/quentin/.npm/d1e14367-chal.lock
18 silly lockFile 901466a5-lodash lodash
19 silly lockFile 901466a5-lodash lodash
20 verbose addNamed [ 'lodash', '' ]
21 verbose addNamed [ null, '*' ]
22 silly lockFile f856e425-lodash lodash@
23 verbose lock lodash@ /media/data/Documents/quentin/.npm/f856e425-lodash.lock
24 silly lockFile d1e14367-chal chal
25 silly lockFile d1e14367-chal chal
26 silly addNameRange { name: 'lodash', range: '*', hasData: false }
27 verbose addNamed [ 'chal', '' ]
28 verbose addNamed [ null, '*' ]
29 silly lockFile 3c6d6fb4-chal chal@
30 verbose lock chal@ /media/data/Documents/quentin/.npm/3c6d6fb4-chal.lock
31 silly addNameRange { name: 'chal', range: '*', hasData: false }
32 verbose request where is /chal
33 verbose request registry https://registry.npmjs.org/
34 verbose request id 95b708ca46556b51
35 verbose url raw /chal
36 verbose url resolving [ 'https://registry.npmjs.org/', './chal' ]
37 verbose url resolved https://registry.npmjs.org/chal
38 verbose request where is https://registry.npmjs.org/chal
39 info trying registry request attempt 1 at 22:55:42
40 http GET https://registry.npmjs.org/chal
41 verbose request where is /lodash
42 verbose request registry https://registry.npmjs.org/
43 verbose url raw /lodash
44 verbose url resolving [ 'https://registry.npmjs.org/', './lodash' ]
45 verbose url resolved https://registry.npmjs.org/lodash
46 verbose request where is https://registry.npmjs.org/lodash
47 info trying registry request attempt 1 at 22:55:42
48 verbose etag "80NP87EBJLOP1QRIVM3AO5GQ0"
49 http GET https://registry.npmjs.org/lodash
50 http 200 https://registry.npmjs.org/lodash
51 silly registry.get cb [ 200,
51 silly registry.get   { date: 'Fri, 26 Dec 2014 21:55:36 GMT',
51 silly registry.get     server: 'CouchDB/1.5.0 (Erlang OTP/R16B03)',
51 silly registry.get     etag: '"4JAE1GBXZIO6YKAXVQKKXIUPC"',
51 silly registry.get     'content-type': 'application/json',
51 silly registry.get     'cache-control': 'max-age=60',
51 silly registry.get     'content-length': '74657',
51 silly registry.get     'accept-ranges': 'bytes',
51 silly registry.get     via: '1.1 varnish',
51 silly registry.get     age: '0',
51 silly registry.get     'x-served-by': 'cache-lhr6329-LHR',
51 silly registry.get     'x-cache': 'HIT',
51 silly registry.get     'x-cache-hits': '1',
51 silly registry.get     'x-timer': 'S1419630935.755874,VS0,VE436',
51 silly registry.get     vary: 'Accept',
51 silly registry.get     'keep-alive': 'timeout=10, max=50',
51 silly registry.get     connection: 'Keep-Alive' } ]
52 silly addNameRange number 2 { name: 'lodash', range: '*', hasData: true }
53 silly addNameRange versions [ 'lodash',
53 silly addNameRange   [ '0.1.0',
53 silly addNameRange     '0.2.0',
53 silly addNameRange     '0.2.1',
53 silly addNameRange     '0.2.2',
53 silly addNameRange     '0.3.0',
53 silly addNameRange     '0.3.1',
53 silly addNameRange     '0.3.2',
53 silly addNameRange     '0.4.0',
53 silly addNameRange     '0.4.1',
53 silly addNameRange     '0.4.2',
53 silly addNameRange     '0.5.0-rc.1',
53 silly addNameRange     '0.5.0',
53 silly addNameRange     '0.5.1',
53 silly addNameRange     '0.5.2',
53 silly addNameRange     '0.6.0',
53 silly addNameRange     '0.6.1',
53 silly addNameRange     '0.7.0',
53 silly addNameRange     '0.8.0',
53 silly addNameRange     '0.8.1',
53 silly addNameRange     '0.8.2',
53 silly addNameRange     '0.9.0',
53 silly addNameRange     '0.9.1',
53 silly addNameRange     '0.9.2',
53 silly addNameRange     '0.10.0',
53 silly addNameRange     '1.0.0-rc.1',
53 silly addNameRange     '1.0.0-rc.2',
53 silly addNameRange     '1.0.0-rc.3',
53 silly addNameRange     '1.0.0',
53 silly addNameRange     '1.0.1',
53 silly addNameRange     '1.1.0',
53 silly addNameRange     '1.1.1',
53 silly addNameRange     '1.2.0',
53 silly addNameRange     '1.2.1',
53 silly addNameRange     '1.3.0',
53 silly addNameRange     '1.3.1',
53 silly addNameRange     '2.0.0',
53 silly addNameRange     '2.1.0',
53 silly addNameRange     '2.2.0',
53 silly addNameRange     '2.2.1',
53 silly addNameRange     '2.3.0',
53 silly addNameRange     '2.4.0',
53 silly addNameRange     '2.4.1' ] ]
54 verbose addNamed [ 'lodash', '2.4.1' ]
55 verbose addNamed [ '2.4.1', '2.4.1' ]
56 silly lockFile 8502be2a-lodash-2-4-1 lodash@2.4.1
57 verbose lock lodash@2.4.1 /media/data/Documents/quentin/.npm/8502be2a-lodash-2-4-1.lock
58 silly lockFile 8502be2a-lodash-2-4-1 lodash@2.4.1
59 silly lockFile 8502be2a-lodash-2-4-1 lodash@2.4.1
60 silly lockFile f856e425-lodash lodash@
61 silly lockFile f856e425-lodash lodash@
62 http 404 https://registry.npmjs.org/chal
63 verbose headers { date: 'Fri, 26 Dec 2014 21:55:36 GMT',
63 verbose headers   server: 'CouchDB/1.5.0 (Erlang OTP/R16B03)',
63 verbose headers   'content-type': 'application/json',
63 verbose headers   'cache-control': 'max-age=0',
63 verbose headers   'content-length': '52',
63 verbose headers   'accept-ranges': 'bytes',
63 verbose headers   via: '1.1 varnish',
63 verbose headers   age: '0',
63 verbose headers   'x-served-by': 'cache-lhr6335-LHR',
63 verbose headers   'x-cache': 'MISS',
63 verbose headers   'x-cache-hits': '0',
63 verbose headers   'x-timer': 'S1419630935.748075,VS0,VE627',
63 verbose headers   'keep-alive': 'timeout=10, max=50',
63 verbose headers   connection: 'Keep-Alive' }
64 silly registry.get cb [ 404,
64 silly registry.get   { date: 'Fri, 26 Dec 2014 21:55:36 GMT',
64 silly registry.get     server: 'CouchDB/1.5.0 (Erlang OTP/R16B03)',
64 silly registry.get     'content-type': 'application/json',
64 silly registry.get     'cache-control': 'max-age=0',
64 silly registry.get     'content-length': '52',
64 silly registry.get     'accept-ranges': 'bytes',
64 silly registry.get     via: '1.1 varnish',
64 silly registry.get     age: '0',
64 silly registry.get     'x-served-by': 'cache-lhr6335-LHR',
64 silly registry.get     'x-cache': 'MISS',
64 silly registry.get     'x-cache-hits': '0',
64 silly registry.get     'x-timer': 'S1419630935.748075,VS0,VE627',
64 silly registry.get     'keep-alive': 'timeout=10, max=50',
64 silly registry.get     connection: 'Keep-Alive' } ]
65 silly lockFile 3c6d6fb4-chal chal@
66 silly lockFile 3c6d6fb4-chal chal@
67 error 404 404 Not Found: chal
67 error 404
67 error 404 'chal' is not in the npm registry.
67 error 404 You should bug the author to publish it
67 error 404 It was specified as a dependency of 'err-tree'
67 error 404
67 error 404 Note that you can also install from a
67 error 404 tarball, folder, or http url, or git url.
68 error System Linux 3.16.0-28-generic
69 error command "/usr/bin/node" "/usr/bin/npm" "i" "-S" "lodash" "chal"
70 error cwd /media/data/Documents/quentin/Projects/errors
71 error node -v v0.10.35
72 error npm -v 1.4.28
73 error code E404
74 verbose exit [ 1, true ]
